This is pdfTeX, Version 3.14159265-2.6-1.40.16 (TeX Live 2015/Debian) (preloaded format=pdflatex 2017.7.16)  19 OCT 2017 19:09
entering extended mode
 restricted \write18 enabled.
 %&-line parsing enabled.
**BigDataFromSpace_Marmanis.tex
(./BigDataFromSpace_Marmanis.tex
LaTeX2e <2016/02/01>
Babel <3.9q> and hyphenation patterns for 81 language(s) loaded.
(/usr/share/texlive/texmf-dist/tex/latex/base/article.cls
Document Class: article 2014/09/29 v1.4h Standard LaTeX document class
(/usr/share/texlive/texmf-dist/tex/latex/base/size10.clo
File: size10.clo 2014/09/29 v1.4h Standard LaTeX file (size option)
)
\c@part=\count79
\c@section=\count80
\c@subsection=\count81
\c@subsubsection=\count82
\c@paragraph=\count83
\c@subparagraph=\count84
\c@figure=\count85
\c@table=\count86
\abovecaptionskip=\skip41
\belowcaptionskip=\skip42
\bibindent=\dimen102
) (./spconf.sty)
(/usr/share/texlive/texmf-dist/tex/latex/amsmath/amsmath.sty
Package: amsmath 2016/03/03 v2.15a AMS math features
\@mathmargin=\skip43

For additional information on amsmath, use the `?' option.
(/usr/share/texlive/texmf-dist/tex/latex/amsmath/amstext.sty
Package: amstext 2000/06/29 v2.01 AMS text

(/usr/share/texlive/texmf-dist/tex/latex/amsmath/amsgen.sty
File: amsgen.sty 1999/11/30 v2.0 generic functions
\@emptytoks=\toks14
\ex@=\dimen103
))
(/usr/share/texlive/texmf-dist/tex/latex/amsmath/amsbsy.sty
Package: amsbsy 1999/11/29 v1.2d Bold Symbols
\pmbraise@=\dimen104
)
(/usr/share/texlive/texmf-dist/tex/latex/amsmath/amsopn.sty
Package: amsopn 1999/12/14 v2.01 operator names
)
\inf@bad=\count87
LaTeX Info: Redefining \frac on input line 199.
\uproot@=\count88
\leftroot@=\count89
LaTeX Info: Redefining \overline on input line 297.
\classnum@=\count90
\DOTSCASE@=\count91
LaTeX Info: Redefining \ldots on input line 394.
LaTeX Info: Redefining \dots on input line 397.
LaTeX Info: Redefining \cdots on input line 518.
\Mathstrutbox@=\box26
\strutbox@=\box27
\big@size=\dimen105
LaTeX Font Info:    Redeclaring font encoding OML on input line 630.
LaTeX Font Info:    Redeclaring font encoding OMS on input line 631.
\macc@depth=\count92
\c@MaxMatrixCols=\count93
\dotsspace@=\muskip10
\c@parentequation=\count94
\dspbrk@lvl=\count95
\tag@help=\toks15
\row@=\count96
\column@=\count97
\maxfields@=\count98
\andhelp@=\toks16
\eqnshift@=\dimen106
\alignsep@=\dimen107
\tagshift@=\dimen108
\tagwidth@=\dimen109
\totwidth@=\dimen110
\lineht@=\dimen111
\@envbody=\toks17
\multlinegap=\skip44
\multlinetaggap=\skip45
\mathdisplay@stack=\toks18
LaTeX Info: Redefining \[ on input line 2735.
LaTeX Info: Redefining \] on input line 2736.
)
(/usr/share/texlive/texmf-dist/tex/latex/graphics/epsfig.sty
Package: epsfig 1999/02/16 v1.7a (e)psfig emulation (SPQR)

(/usr/share/texlive/texmf-dist/tex/latex/graphics/graphicx.sty
Package: graphicx 2014/10/28 v1.0g Enhanced LaTeX Graphics (DPC,SPQR)

(/usr/share/texlive/texmf-dist/tex/latex/graphics/keyval.sty
Package: keyval 2014/10/28 v1.15 key=value parser (DPC)
\KV@toks@=\toks19
)
(/usr/share/texlive/texmf-dist/tex/latex/graphics/graphics.sty
Package: graphics 2016/01/03 v1.0q Standard LaTeX Graphics (DPC,SPQR)

(/usr/share/texlive/texmf-dist/tex/latex/graphics/trig.sty
Package: trig 2016/01/03 v1.10 sin cos tan (DPC)
)
(/usr/share/texlive/texmf-dist/tex/latex/latexconfig/graphics.cfg
File: graphics.cfg 2010/04/23 v1.9 graphics configuration of TeX Live
)
Package graphics Info: Driver file: pdftex.def on input line 95.

(/usr/share/texlive/texmf-dist/tex/latex/pdftex-def/pdftex.def
File: pdftex.def 2011/05/27 v0.06d Graphics/color for pdfTeX

(/usr/share/texlive/texmf-dist/tex/generic/oberdiek/infwarerr.sty
Package: infwarerr 2010/04/08 v1.3 Providing info/warning/error messages (HO)
)
(/usr/share/texlive/texmf-dist/tex/generic/oberdiek/ltxcmds.sty
Package: ltxcmds 2011/11/09 v1.22 LaTeX kernel commands for general use (HO)
)
\Gread@gobject=\count99
))
\Gin@req@height=\dimen112
\Gin@req@width=\dimen113
)
\epsfxsize=\dimen114
\epsfysize=\dimen115
)
(./BigDataFromSpace_Marmanis.aux)
\openout1 = `BigDataFromSpace_Marmanis.aux'.

LaTeX Font Info:    Checking defaults for OML/cmm/m/it on input line 72.
LaTeX Font Info:    ... okay on input line 72.
LaTeX Font Info:    Checking defaults for T1/cmr/m/n on input line 72.
LaTeX Font Info:    ... okay on input line 72.
LaTeX Font Info:    Checking defaults for OT1/cmr/m/n on input line 72.
LaTeX Font Info:    ... okay on input line 72.
LaTeX Font Info:    Checking defaults for OMS/cmsy/m/n on input line 72.
LaTeX Font Info:    ... okay on input line 72.
LaTeX Font Info:    Checking defaults for OMX/cmex/m/n on input line 72.
LaTeX Font Info:    ... okay on input line 72.
LaTeX Font Info:    Checking defaults for U/cmr/m/n on input line 72.
LaTeX Font Info:    ... okay on input line 72.
LaTeX Font Info:    Try loading font information for OT1+ptm on input line 72.

(/usr/share/texlive/texmf-dist/tex/latex/psnfss/ot1ptm.fd
File: ot1ptm.fd 2001/06/04 font definitions for OT1/ptm.
)
(/usr/share/texlive/texmf-dist/tex/context/base/supp-pdf.mkii
[Loading MPS to PDF converter (version 2006.09.02).]
\scratchcounter=\count100
\scratchdimen=\dimen116
\scratchbox=\box28
\nofMPsegments=\count101
\nofMParguments=\count102
\everyMPshowfont=\toks20
\MPscratchCnt=\count103
\MPscratchDim=\dimen117
\MPnumerator=\count104
\makeMPintoPDFobject=\count105
\everyMPtoPDFconversion=\toks21
) (/usr/share/texlive/texmf-dist/tex/generic/oberdiek/pdftexcmds.sty
Package: pdftexcmds 2011/11/29 v0.20 Utility functions of pdfTeX for LuaTeX (HO
)

(/usr/share/texlive/texmf-dist/tex/generic/oberdiek/ifluatex.sty
Package: ifluatex 2010/03/01 v1.3 Provides the ifluatex switch (HO)
Package ifluatex Info: LuaTeX not detected.
)
(/usr/share/texlive/texmf-dist/tex/generic/oberdiek/ifpdf.sty
Package: ifpdf 2011/01/30 v2.3 Provides the ifpdf switch (HO)
Package ifpdf Info: pdfTeX in PDF mode is detected.
)
Package pdftexcmds Info: LuaTeX not detected.
Package pdftexcmds Info: \pdf@primitive is available.
Package pdftexcmds Info: \pdf@ifprimitive is available.
Package pdftexcmds Info: \pdfdraftmode found.
)
(/usr/share/texlive/texmf-dist/tex/latex/oberdiek/epstopdf-base.sty
Package: epstopdf-base 2010/02/09 v2.5 Base part for package epstopdf

(/usr/share/texlive/texmf-dist/tex/latex/oberdiek/grfext.sty
Package: grfext 2010/08/19 v1.1 Manage graphics extensions (HO)

(/usr/share/texlive/texmf-dist/tex/generic/oberdiek/kvdefinekeys.sty
Package: kvdefinekeys 2011/04/07 v1.3 Define keys (HO)
))
(/usr/share/texlive/texmf-dist/tex/latex/oberdiek/kvoptions.sty
Package: kvoptions 2011/06/30 v3.11 Key value format for package options (HO)

(/usr/share/texlive/texmf-dist/tex/generic/oberdiek/kvsetkeys.sty
Package: kvsetkeys 2012/04/25 v1.16 Key value parser (HO)

(/usr/share/texlive/texmf-dist/tex/generic/oberdiek/etexcmds.sty
Package: etexcmds 2011/02/16 v1.5 Avoid name clashes with e-TeX commands (HO)
Package etexcmds Info: Could not find \expanded.
(etexcmds)             That can mean that you are not using pdfTeX 1.50 or
(etexcmds)             that some package has redefined \expanded.
(etexcmds)             In the latter case, load this package earlier.
)))
Package grfext Info: Graphics extension search list:
(grfext)             [.png,.pdf,.jpg,.mps,.jpeg,.jbig2,.jb2,.PNG,.PDF,.JPG,.JPE
G,.JBIG2,.JB2,.eps]
(grfext)             \AppendGraphicsExtensions on input line 452.

(/usr/share/texlive/texmf-dist/tex/latex/latexconfig/epstopdf-sys.cfg
File: epstopdf-sys.cfg 2010/07/13 v1.3 Configuration of (r)epstopdf for TeX Liv
e
))
LaTeX Font Info:    Font shape `OT1/ptm/bx/n' in size <12> not available
(Font)              Font shape `OT1/ptm/b/n' tried instead on input line 74.

! Missing } inserted.
<inserted text> 
                }
l.74 	\maketitle
                
I've put in what seems to be necessary to fix
the current column of the current alignment.
Try to go on, since this might almost work.

! Missing { inserted.
<inserted text> 
                {
l.74 	\maketitle
                
I've put in what seems to be necessary to fix
the current column of the current alignment.
Try to go on, since this might almost work.


Overfull \hbox (6.78828pt too wide) in paragraph at lines 74--74
 [][] 
 []

LaTeX Font Info:    Font shape `OT1/ptm/bx/n' in size <10> not available
(Font)              Font shape `OT1/ptm/b/n' tried instead on input line 76.
LaTeX Font Info:    Font shape `OT1/ptm/bx/it' in size <10> not available
(Font)              Font shape `OT1/ptm/b/it' tried instead on input line 98.

Underfull \hbox (badness 2050) in paragraph at lines 153--155
\OT1/ptm/m/n/10 data over the clas-si-fi-ca-tion ac-cu-racy, by em-ploy-
 []

[1{/var/lib/texmf/fonts/map/pdftex/updmap/pdftex.map}



]
LaTeX Font Info:    Font shape `OT1/ptm/bx/n' in size <8> not available
(Font)              Font shape `OT1/ptm/b/n' tried instead on input line 350.

! Undefined control sequence.
<argument> ... \ignorespaces \textbf {Code}: \url 
                                                  {https://github.com/deep-u...
l.350 ...ep-unlearn/Big\_Data\_From\_Space\_2017}}
                                                  .
The control sequence at the end of the top line
of your error message was never \def'ed. If you have
misspelled it (e.g., `\hobx'), type `I' and the correct
spelling (e.g., `I\hbox'). Otherwise just continue,
and I'll forget about whatever was undefined.

[2]
Underfull \hbox (badness 1609) in paragraph at lines 424--435
\OT1/ptm/m/n/10 ad-e-quately with our pro-posed mod-i-fied \OT1/ptm/m/it/10 BE-
GAN \OT1/ptm/m/n/10 model.
 []


</home/dimitrios/_Publication_Latex/_Big_Data_From_Space_2017/Images/generated_
data_80x80_upsampled/126000_00708.jpg, id=16, 160.6pt x 160.6pt>
File: /home/dimitrios/_Publication_Latex/_Big_Data_From_Space_2017/Images/gener
ated_data_80x80_upsampled/126000_00708.jpg Graphic file (type jpg)

<use /home/dimitrios/_Publication_Latex/_Big_Data_From_Space_2017/Images/genera
ted_data_80x80_upsampled/126000_00708.jpg>
Package pdftex.def Info: /home/dimitrios/_Publication_Latex/_Big_Data_From_Spac
e_2017/Images/generated_data_80x80_upsampled/126000_00708.jpg used on input lin
e 469.
(pdftex.def)             Requested size: 51.39304pt x 51.39304pt.

</home/dimitrios/_Publication_Latex/_Big_Data_From_Space_2017/Images/generated_
data_80x80_upsampled/126000_00734.jpg, id=17, 160.6pt x 160.6pt>
File: /home/dimitrios/_Publication_Latex/_Big_Data_From_Space_2017/Images/gener
ated_data_80x80_upsampled/126000_00734.jpg Graphic file (type jpg)

<use /home/dimitrios/_Publication_Latex/_Big_Data_From_Space_2017/Images/genera
ted_data_80x80_upsampled/126000_00734.jpg>
Package pdftex.def Info: /home/dimitrios/_Publication_Latex/_Big_Data_From_Spac
e_2017/Images/generated_data_80x80_upsampled/126000_00734.jpg used on input lin
e 470.
(pdftex.def)             Requested size: 51.39304pt x 51.39304pt.

</home/dimitrios/_Publication_Latex/_Big_Data_From_Space_2017/Images/generated_
data_80x80_upsampled/129000_00130.jpg, id=18, 160.6pt x 160.6pt>
File: /home/dimitrios/_Publication_Latex/_Big_Data_From_Space_2017/Images/gener
ated_data_80x80_upsampled/129000_00130.jpg Graphic file (type jpg)

<use /home/dimitrios/_Publication_Latex/_Big_Data_From_Space_2017/Images/genera
ted_data_80x80_upsampled/129000_00130.jpg>
Package pdftex.def Info: /home/dimitrios/_Publication_Latex/_Big_Data_From_Spac
e_2017/Images/generated_data_80x80_upsampled/129000_00130.jpg used on input lin
e 471.
(pdftex.def)             Requested size: 51.39304pt x 51.39304pt.

</home/dimitrios/_Publication_Latex/_Big_Data_From_Space_2017/Images/generated_
data_80x80_upsampled/129000_00141.jpg, id=19, 160.6pt x 160.6pt>
File: /home/dimitrios/_Publication_Latex/_Big_Data_From_Space_2017/Images/gener
ated_data_80x80_upsampled/129000_00141.jpg Graphic file (type jpg)

<use /home/dimitrios/_Publication_Latex/_Big_Data_From_Space_2017/Images/genera
ted_data_80x80_upsampled/129000_00141.jpg>
Package pdftex.def Info: /home/dimitrios/_Publication_Latex/_Big_Data_From_Spac
e_2017/Images/generated_data_80x80_upsampled/129000_00141.jpg used on input lin
e 472.
(pdftex.def)             Requested size: 51.39304pt x 51.39304pt.

</home/dimitrios/_Publication_Latex/_Big_Data_From_Space_2017/Images/generated_
data_80x80_upsampled/168000_00706.jpg, id=20, 160.6pt x 160.6pt>
File: /home/dimitrios/_Publication_Latex/_Big_Data_From_Space_2017/Images/gener
ated_data_80x80_upsampled/168000_00706.jpg Graphic file (type jpg)

<use /home/dimitrios/_Publication_Latex/_Big_Data_From_Space_2017/Images/genera
ted_data_80x80_upsampled/168000_00706.jpg>
Package pdftex.def Info: /home/dimitrios/_Publication_Latex/_Big_Data_From_Spac
e_2017/Images/generated_data_80x80_upsampled/168000_00706.jpg used on input lin
e 473.
(pdftex.def)             Requested size: 51.39304pt x 51.39304pt.

</home/dimitrios/_Publication_Latex/_Big_Data_From_Space_2017/Images/generated_
data_80x80_upsampled/168000_00773.jpg, id=21, 160.6pt x 160.6pt>
File: /home/dimitrios/_Publication_Latex/_Big_Data_From_Space_2017/Images/gener
ated_data_80x80_upsampled/168000_00773.jpg Graphic file (type jpg)

<use /home/dimitrios/_Publication_Latex/_Big_Data_From_Space_2017/Images/genera
ted_data_80x80_upsampled/168000_00773.jpg>
Package pdftex.def Info: /home/dimitrios/_Publication_Latex/_Big_Data_From_Spac
e_2017/Images/generated_data_80x80_upsampled/168000_00773.jpg used on input lin
e 474.
(pdftex.def)             Requested size: 51.39304pt x 51.39304pt.

</home/dimitrios/_Publication_Latex/_Big_Data_From_Space_2017/Images/generated_
data_80x80_upsampled/168000_00806.jpg, id=22, 160.6pt x 160.6pt>
File: /home/dimitrios/_Publication_Latex/_Big_Data_From_Space_2017/Images/gener
ated_data_80x80_upsampled/168000_00806.jpg Graphic file (type jpg)

<use /home/dimitrios/_Publication_Latex/_Big_Data_From_Space_2017/Images/genera
ted_data_80x80_upsampled/168000_00806.jpg>
Package pdftex.def Info: /home/dimitrios/_Publication_Latex/_Big_Data_From_Spac
e_2017/Images/generated_data_80x80_upsampled/168000_00806.jpg used on input lin
e 475.
(pdftex.def)             Requested size: 51.39304pt x 51.39304pt.

</home/dimitrios/_Publication_Latex/_Big_Data_From_Space_2017/Images/generated_
data_80x80_upsampled/168000_00832.jpg, id=23, 160.6pt x 160.6pt>
File: /home/dimitrios/_Publication_Latex/_Big_Data_From_Space_2017/Images/gener
ated_data_80x80_upsampled/168000_00832.jpg Graphic file (type jpg)

<use /home/dimitrios/_Publication_Latex/_Big_Data_From_Space_2017/Images/genera
ted_data_80x80_upsampled/168000_00832.jpg>
Package pdftex.def Info: /home/dimitrios/_Publication_Latex/_Big_Data_From_Spac
e_2017/Images/generated_data_80x80_upsampled/168000_00832.jpg used on input lin
e 477.
(pdftex.def)             Requested size: 51.39304pt x 51.39304pt.

</home/dimitrios/_Publication_Latex/_Big_Data_From_Space_2017/Images/generated_
data_80x80_upsampled/186000_00700.jpg, id=24, 160.6pt x 160.6pt>
File: /home/dimitrios/_Publication_Latex/_Big_Data_From_Space_2017/Images/gener
ated_data_80x80_upsampled/186000_00700.jpg Graphic file (type jpg)

<use /home/dimitrios/_Publication_Latex/_Big_Data_From_Space_2017/Images/genera
ted_data_80x80_upsampled/186000_00700.jpg>
Package pdftex.def Info: /home/dimitrios/_Publication_Latex/_Big_Data_From_Spac
e_2017/Images/generated_data_80x80_upsampled/186000_00700.jpg used on input lin
e 478.
(pdftex.def)             Requested size: 51.39304pt x 51.39304pt.

</home/dimitrios/_Publication_Latex/_Big_Data_From_Space_2017/Images/generated_
data_80x80_upsampled/186000_00704.jpg, id=25, 160.6pt x 160.6pt>
File: /home/dimitrios/_Publication_Latex/_Big_Data_From_Space_2017/Images/gener
ated_data_80x80_upsampled/186000_00704.jpg Graphic file (type jpg)

<use /home/dimitrios/_Publication_Latex/_Big_Data_From_Space_2017/Images/genera
ted_data_80x80_upsampled/186000_00704.jpg>
Package pdftex.def Info: /home/dimitrios/_Publication_Latex/_Big_Data_From_Spac
e_2017/Images/generated_data_80x80_upsampled/186000_00704.jpg used on input lin
e 479.
(pdftex.def)             Requested size: 51.39304pt x 51.39304pt.

</home/dimitrios/_Publication_Latex/_Big_Data_From_Space_2017/Images/generated_
data_80x80_upsampled/186000_00707.jpg, id=26, 160.6pt x 160.6pt>
File: /home/dimitrios/_Publication_Latex/_Big_Data_From_Space_2017/Images/gener
ated_data_80x80_upsampled/186000_00707.jpg Graphic file (type jpg)

<use /home/dimitrios/_Publication_Latex/_Big_Data_From_Space_2017/Images/genera
ted_data_80x80_upsampled/186000_00707.jpg>
Package pdftex.def Info: /home/dimitrios/_Publication_Latex/_Big_Data_From_Spac
e_2017/Images/generated_data_80x80_upsampled/186000_00707.jpg used on input lin
e 480.
(pdftex.def)             Requested size: 51.39304pt x 51.39304pt.

</home/dimitrios/_Publication_Latex/_Big_Data_From_Space_2017/Images/generated_
data_80x80_upsampled/186000_00720.jpg, id=27, 160.6pt x 160.6pt>
File: /home/dimitrios/_Publication_Latex/_Big_Data_From_Space_2017/Images/gener
ated_data_80x80_upsampled/186000_00720.jpg Graphic file (type jpg)

<use /home/dimitrios/_Publication_Latex/_Big_Data_From_Space_2017/Images/genera
ted_data_80x80_upsampled/186000_00720.jpg>
Package pdftex.def Info: /home/dimitrios/_Publication_Latex/_Big_Data_From_Spac
e_2017/Images/generated_data_80x80_upsampled/186000_00720.jpg used on input lin
e 481.
(pdftex.def)             Requested size: 51.39304pt x 51.39304pt.

</home/dimitrios/_Publication_Latex/_Big_Data_From_Space_2017/Images/generated_
data_80x80_upsampled/186000_00760.jpg, id=28, 160.6pt x 160.6pt>
File: /home/dimitrios/_Publication_Latex/_Big_Data_From_Space_2017/Images/gener
ated_data_80x80_upsampled/186000_00760.jpg Graphic file (type jpg)

<use /home/dimitrios/_Publication_Latex/_Big_Data_From_Space_2017/Images/genera
ted_data_80x80_upsampled/186000_00760.jpg>
Package pdftex.def Info: /home/dimitrios/_Publication_Latex/_Big_Data_From_Spac
e_2017/Images/generated_data_80x80_upsampled/186000_00760.jpg used on input lin
e 482.
(pdftex.def)             Requested size: 51.39304pt x 51.39304pt.

</home/dimitrios/_Publication_Latex/_Big_Data_From_Space_2017/Images/generated_
data_80x80_upsampled/129000_00150.jpg, id=29, 160.6pt x 160.6pt>
File: /home/dimitrios/_Publication_Latex/_Big_Data_From_Space_2017/Images/gener
ated_data_80x80_upsampled/129000_00150.jpg Graphic file (type jpg)

<use /home/dimitrios/_Publication_Latex/_Big_Data_From_Space_2017/Images/genera
ted_data_80x80_upsampled/129000_00150.jpg>
Package pdftex.def Info: /home/dimitrios/_Publication_Latex/_Big_Data_From_Spac
e_2017/Images/generated_data_80x80_upsampled/129000_00150.jpg used on input lin
e 483.
(pdftex.def)             Requested size: 51.39304pt x 51.39304pt.

</home/dimitrios/_Publication_Latex/_Big_Data_From_Space_2017/Images/real_image
_samples/1.png, id=30, 80.3pt x 80.3pt>
File: /home/dimitrios/_Publication_Latex/_Big_Data_From_Space_2017/Images/real_
image_samples/1.png Graphic file (type png)

<use /home/dimitrios/_Publication_Latex/_Big_Data_From_Space_2017/Images/real_i
mage_samples/1.png>
Package pdftex.def Info: /home/dimitrios/_Publication_Latex/_Big_Data_From_Spac
e_2017/Images/real_image_samples/1.png used on input line 493.
(pdftex.def)             Requested size: 51.39182pt x 51.39182pt.

</home/dimitrios/_Publication_Latex/_Big_Data_From_Space_2017/Images/real_image
_samples/2.png, id=31, 80.3pt x 80.3pt>
File: /home/dimitrios/_Publication_Latex/_Big_Data_From_Space_2017/Images/real_
image_samples/2.png Graphic file (type png)

<use /home/dimitrios/_Publication_Latex/_Big_Data_From_Space_2017/Images/real_i
mage_samples/2.png>
Package pdftex.def Info: /home/dimitrios/_Publication_Latex/_Big_Data_From_Spac
e_2017/Images/real_image_samples/2.png used on input line 494.
(pdftex.def)             Requested size: 51.39182pt x 51.39182pt.

</home/dimitrios/_Publication_Latex/_Big_Data_From_Space_2017/Images/real_image
_samples/3.png, id=32, 80.3pt x 80.3pt>
File: /home/dimitrios/_Publication_Latex/_Big_Data_From_Space_2017/Images/real_
image_samples/3.png Graphic file (type png)

<use /home/dimitrios/_Publication_Latex/_Big_Data_From_Space_2017/Images/real_i
mage_samples/3.png>
Package pdftex.def Info: /home/dimitrios/_Publication_Latex/_Big_Data_From_Spac
e_2017/Images/real_image_samples/3.png used on input line 495.
(pdftex.def)             Requested size: 51.39182pt x 51.39182pt.

</home/dimitrios/_Publication_Latex/_Big_Data_From_Space_2017/Images/real_image
_samples/4.png, id=33, 80.3pt x 80.3pt>
File: /home/dimitrios/_Publication_Latex/_Big_Data_From_Space_2017/Images/real_
image_samples/4.png Graphic file (type png)

<use /home/dimitrios/_Publication_Latex/_Big_Data_From_Space_2017/Images/real_i
mage_samples/4.png>
Package pdftex.def Info: /home/dimitrios/_Publication_Latex/_Big_Data_From_Spac
e_2017/Images/real_image_samples/4.png used on input line 496.
(pdftex.def)             Requested size: 51.39182pt x 51.39182pt.

</home/dimitrios/_Publication_Latex/_Big_Data_From_Space_2017/Images/real_image
_samples/5.png, id=34, 80.3pt x 80.3pt>
File: /home/dimitrios/_Publication_Latex/_Big_Data_From_Space_2017/Images/real_
image_samples/5.png Graphic file (type png)

<use /home/dimitrios/_Publication_Latex/_Big_Data_From_Space_2017/Images/real_i
mage_samples/5.png>
Package pdftex.def Info: /home/dimitrios/_Publication_Latex/_Big_Data_From_Spac
e_2017/Images/real_image_samples/5.png used on input line 497.
(pdftex.def)             Requested size: 51.39182pt x 51.39182pt.

</home/dimitrios/_Publication_Latex/_Big_Data_From_Space_2017/Images/real_image
_samples/6.png, id=35, 80.3pt x 80.3pt>
File: /home/dimitrios/_Publication_Latex/_Big_Data_From_Space_2017/Images/real_
image_samples/6.png Graphic file (type png)

<use /home/dimitrios/_Publication_Latex/_Big_Data_From_Space_2017/Images/real_i
mage_samples/6.png>
Package pdftex.def Info: /home/dimitrios/_Publication_Latex/_Big_Data_From_Spac
e_2017/Images/real_image_samples/6.png used on input line 498.
(pdftex.def)             Requested size: 51.39182pt x 51.39182pt.

</home/dimitrios/_Publication_Latex/_Big_Data_From_Space_2017/Images/real_image
_samples/7.png, id=36, 80.3pt x 80.3pt>
File: /home/dimitrios/_Publication_Latex/_Big_Data_From_Space_2017/Images/real_
image_samples/7.png Graphic file (type png)

<use /home/dimitrios/_Publication_Latex/_Big_Data_From_Space_2017/Images/real_i
mage_samples/7.png>
Package pdftex.def Info: /home/dimitrios/_Publication_Latex/_Big_Data_From_Spac
e_2017/Images/real_image_samples/7.png used on input line 499.
(pdftex.def)             Requested size: 51.39182pt x 51.39182pt.

</home/dimitrios/_Publication_Latex/_Big_Data_From_Space_2017/Images/real_image
_samples/8.png, id=37, 80.3pt x 80.3pt>
File: /home/dimitrios/_Publication_Latex/_Big_Data_From_Space_2017/Images/real_
image_samples/8.png Graphic file (type png)

<use /home/dimitrios/_Publication_Latex/_Big_Data_From_Space_2017/Images/real_i
mage_samples/8.png>
Package pdftex.def Info: /home/dimitrios/_Publication_Latex/_Big_Data_From_Spac
e_2017/Images/real_image_samples/8.png used on input line 501.
(pdftex.def)             Requested size: 51.39182pt x 51.39182pt.

</home/dimitrios/_Publication_Latex/_Big_Data_From_Space_2017/Images/real_image
_samples/9.png, id=38, 80.3pt x 80.3pt>
File: /home/dimitrios/_Publication_Latex/_Big_Data_From_Space_2017/Images/real_
image_samples/9.png Graphic file (type png)

<use /home/dimitrios/_Publication_Latex/_Big_Data_From_Space_2017/Images/real_i
mage_samples/9.png>
Package pdftex.def Info: /home/dimitrios/_Publication_Latex/_Big_Data_From_Spac
e_2017/Images/real_image_samples/9.png used on input line 502.
(pdftex.def)             Requested size: 51.39182pt x 51.39182pt.

</home/dimitrios/_Publication_Latex/_Big_Data_From_Space_2017/Images/real_image
_samples/10.png, id=39, 80.3pt x 80.3pt>
File: /home/dimitrios/_Publication_Latex/_Big_Data_From_Space_2017/Images/real_
image_samples/10.png Graphic file (type png)

<use /home/dimitrios/_Publication_Latex/_Big_Data_From_Space_2017/Images/real_i
mage_samples/10.png>
Package pdftex.def Info: /home/dimitrios/_Publication_Latex/_Big_Data_From_Spac
e_2017/Images/real_image_samples/10.png used on input line 503.
(pdftex.def)             Requested size: 51.39182pt x 51.39182pt.

</home/dimitrios/_Publication_Latex/_Big_Data_From_Space_2017/Images/real_image
_samples/11.png, id=40, 80.3pt x 80.3pt>
File: /home/dimitrios/_Publication_Latex/_Big_Data_From_Space_2017/Images/real_
image_samples/11.png Graphic file (type png)

<use /home/dimitrios/_Publication_Latex/_Big_Data_From_Space_2017/Images/real_i
mage_samples/11.png>
Package pdftex.def Info: /home/dimitrios/_Publication_Latex/_Big_Data_From_Spac
e_2017/Images/real_image_samples/11.png used on input line 504.
(pdftex.def)             Requested size: 51.39182pt x 51.39182pt.

</home/dimitrios/_Publication_Latex/_Big_Data_From_Space_2017/Images/real_image
_samples/12.png, id=41, 80.3pt x 80.3pt>
File: /home/dimitrios/_Publication_Latex/_Big_Data_From_Space_2017/Images/real_
image_samples/12.png Graphic file (type png)

<use /home/dimitrios/_Publication_Latex/_Big_Data_From_Space_2017/Images/real_i
mage_samples/12.png>
Package pdftex.def Info: /home/dimitrios/_Publication_Latex/_Big_Data_From_Spac
e_2017/Images/real_image_samples/12.png used on input line 505.
(pdftex.def)             Requested size: 51.39182pt x 51.39182pt.

</home/dimitrios/_Publication_Latex/_Big_Data_From_Space_2017/Images/real_image
_samples/13.png, id=42, 80.3pt x 80.3pt>
File: /home/dimitrios/_Publication_Latex/_Big_Data_From_Space_2017/Images/real_
image_samples/13.png Graphic file (type png)

<use /home/dimitrios/_Publication_Latex/_Big_Data_From_Space_2017/Images/real_i
mage_samples/13.png>
Package pdftex.def Info: /home/dimitrios/_Publication_Latex/_Big_Data_From_Spac
e_2017/Images/real_image_samples/13.png used on input line 506.
(pdftex.def)             Requested size: 51.39182pt x 51.39182pt.

</home/dimitrios/_Publication_Latex/_Big_Data_From_Space_2017/Images/real_image
_samples/14.png, id=43, 80.3pt x 80.3pt>
File: /home/dimitrios/_Publication_Latex/_Big_Data_From_Space_2017/Images/real_
image_samples/14.png Graphic file (type png)

<use /home/dimitrios/_Publication_Latex/_Big_Data_From_Space_2017/Images/real_i
mage_samples/14.png>
Package pdftex.def Info: /home/dimitrios/_Publication_Latex/_Big_Data_From_Spac
e_2017/Images/real_image_samples/14.png used on input line 507.
(pdftex.def)             Requested size: 51.39182pt x 51.39182pt.
 (./BigDataFromSpace_Marmanis.bbl [3]
Underfull \hbox (badness 2065) in paragraph at lines 30--36
[]\OT1/ptm/m/n/10 Anthony Perez, Swe-tava Gan-guli, Ste-fano Er-mon,
 []


Underfull \hbox (badness 2197) in paragraph at lines 38--42
\OT1/ptm/m/n/10 ing for re-mote sens-ing im-ages,''  \OT1/ptm/m/it/10 arXiv pre
print
 []


Underfull \hbox (badness 1968) in paragraph at lines 64--68
[]\OT1/ptm/m/n/10 Xinlong Wang, Mingyu You, and Chun-hua Shen,
 []


Underfull \hbox (badness 3439) in paragraph at lines 64--68
\OT1/ptm/m/n/10 hi-cle li-cense plate recog-ni-tion,''  \OT1/ptm/m/it/10 arXiv 
preprint
 []

) [4 </home/dimitrios/_Publication_Latex/_Big_Data_From_Space_2017/Images/gener
ated_data_80x80_upsampled/126000_00708.jpg> </home/dimitrios/_Publication_Latex
/_Big_Data_From_Space_2017/Images/generated_data_80x80_upsampled/126000_00734.j
pg> </home/dimitrios/_Publication_Latex/_Big_Data_From_Space_2017/Images/genera
ted_data_80x80_upsampled/129000_00130.jpg> </home/dimitrios/_Publication_Latex/
_Big_Data_From_Space_2017/Images/generated_data_80x80_upsampled/129000_00141.jp
g> </home/dimitrios/_Publication_Latex/_Big_Data_From_Space_2017/Images/generat
ed_data_80x80_upsampled/168000_00706.jpg> </home/dimitrios/_Publication_Latex/_
Big_Data_From_Space_2017/Images/generated_data_80x80_upsampled/168000_00773.jpg
> </home/dimitrios/_Publication_Latex/_Big_Data_From_Space_2017/Images/generate
d_data_80x80_upsampled/168000_00806.jpg> </home/dimitrios/_Publication_Latex/_B
ig_Data_From_Space_2017/Images/generated_data_80x80_upsampled/168000_00832.jpg>
 </home/dimitrios/_Publication_Latex/_Big_Data_From_Space_2017/Images/generated
_data_80x80_upsampled/186000_00700.jpg> </home/dimitrios/_Publication_Latex/_Bi
g_Data_From_Space_2017/Images/generated_data_80x80_upsampled/186000_00704.jpg> 
</home/dimitrios/_Publication_Latex/_Big_Data_From_Space_2017/Images/generated_
data_80x80_upsampled/186000_00707.jpg> </home/dimitrios/_Publication_Latex/_Big
_Data_From_Space_2017/Images/generated_data_80x80_upsampled/186000_00720.jpg> <
/home/dimitrios/_Publication_Latex/_Big_Data_From_Space_2017/Images/generated_d
ata_80x80_upsampled/186000_00760.jpg> </home/dimitrios/_Publication_Latex/_Big_
Data_From_Space_2017/Images/generated_data_80x80_upsampled/129000_00150.jpg> </
home/dimitrios/_Publication_Latex/_Big_Data_From_Space_2017/Images/real_image_s
amples/1.png (PNG copy)> </home/dimitrios/_Publication_Latex/_Big_Data_From_Spa
ce_2017/Images/real_image_samples/2.png (PNG copy)> </home/dimitrios/_Publicati
on_Latex/_Big_Data_From_Space_2017/Images/real_image_samples/3.png (PNG copy)> 
</home/dimitrios/_Publication_Latex/_Big_Data_From_Space_2017/Images/real_image
_samples/4.png (PNG copy)> </home/dimitrios/_Publication_Latex/_Big_Data_From_S
pace_2017/Images/real_image_samples/5.png (PNG copy)> </home/dimitrios/_Publica
tion_Latex/_Big_Data_From_Space_2017/Images/real_image_samples/6.png (PNG copy)
> </home/dimitrios/_Publication_Latex/_Big_Data_From_Space_2017/Images/real_ima
ge_samples/7.png (PNG copy)> </home/dimitrios/_Publication_Latex/_Big_Data_From
_Space_2017/Images/real_image_samples/8.png (PNG copy)> </home/dimitrios/_Publi
cation_Latex/_Big_Data_From_Space_2017/Images/real_image_samples/9.png (PNG cop
y)> </home/dimitrios/_Publication_Latex/_Big_Data_From_Space_2017/Images/real_i
mage_samples/10.png (PNG copy)> </home/dimitrios/_Publication_Latex/_Big_Data_F
rom_Space_2017/Images/real_image_samples/11.png (PNG copy)> </home/dimitrios/_P
ublication_Latex/_Big_Data_From_Space_2017/Images/real_image_samples/12.png (PN
G copy)> </home/dimitrios/_Publication_Latex/_Big_Data_From_Space_2017/Images/r
eal_image_samples/13.png (PNG copy)> </home/dimitrios/_Publication_Latex/_Big_D
ata_From_Space_2017/Images/real_image_samples/14.png (PNG copy)>]
(./BigDataFromSpace_Marmanis.aux) ) 
Here is how much of TeX's memory you used:
 2375 strings out of 493029
 42617 string characters out of 6136234
 103365 words of memory out of 5000000
 5846 multiletter control sequences out of 15000+600000
 26988 words of font info for 52 fonts, out of 8000000 for 9000
 1141 hyphenation exceptions out of 8191
 37i,12n,23p,310b,305s stack positions out of 5000i,500n,10000p,200000b,80000s
{/usr/share/texlive/texmf-dist/fonts/enc/dvi
ps/base/8r.enc}</usr/share/texlive/texmf-dist/fonts/type1/public/amsfonts/cm/cm
ex10.pfb></usr/share/texlive/texmf-dist/fonts/type1/public/amsfonts/cm/cmmi10.p
fb></usr/share/texlive/texmf-dist/fonts/type1/public/amsfonts/cm/cmmi5.pfb></us
r/share/texlive/texmf-dist/fonts/type1/public/amsfonts/cm/cmmi7.pfb></usr/share
/texlive/texmf-dist/fonts/type1/public/amsfonts/cm/cmr10.pfb></usr/share/texliv
e/texmf-dist/fonts/type1/public/amsfonts/cm/cmr7.pfb></usr/share/texlive/texmf-
dist/fonts/type1/public/amsfonts/cm/cmsy10.pfb></usr/share/texlive/texmf-dist/f
onts/type1/public/amsfonts/cm/cmsy7.pfb></usr/share/texlive/texmf-dist/fonts/ty
pe1/urw/times/utmb8a.pfb></usr/share/texlive/texmf-dist/fonts/type1/urw/times/u
tmbi8a.pfb></usr/share/texlive/texmf-dist/fonts/type1/urw/times/utmr8a.pfb></us
r/share/texlive/texmf-dist/fonts/type1/urw/times/utmri8a.pfb>
Output written on BigDataFromSpace_Marmanis.pdf (4 pages, 280743 bytes).
PDF statistics:
 94 PDF objects out of 1000 (max. 8388607)
 47 compressed objects within 1 object stream
 0 named destinations out of 1000 (max. 500000)
 141 words of extra memory for PDF output out of 10000 (max. 10000000)

